0 info it worked if it ends with ok
1 verbose cli [ '/usr/local/bin/node',
1 verbose cli   '/usr/local/bin/npm',
1 verbose cli   'run',
1 verbose cli   'build:client' ]
2 info using npm@3.10.9
3 info using node@v7.1.0
4 verbose run-script [ 'prebuild:client', 'build:client', 'postbuild:client' ]
5 info lifecycle @~prebuild:client: @
6 silly lifecycle @~prebuild:client: no script for prebuild:client, continuing
7 info lifecycle @~build:client: @
8 verbose lifecycle @~build:client: unsafe-perm in lifecycle true
9 verbose lifecycle @~build:client: PATH: /usr/local/lib/node_modules/npm/bin/node-gyp-bin:/Users/shuxun/IdeaProject/Vue/road-of-vue/node_modules/.bin:/Users/shuxun/IdeaProject/Vue/road-of-vue/node_modules/.bin:/Users/shuxun/.config/yarn/link/node_modules/.bin:/Users/shuxun/IdeaProject/Vue/road-of-vue/node_modules/.bin:/Users/shuxun/.config/yarn/link/node_modules/.bin:/usr/local/lib/node_modules/yarn/bin/node-gyp-bin:/Users/shuxun/bin:/Users/shuxun/self_bin/phantomjs/bin:/usr/local/bin:/usr/local/bin:/usr/bin:/bin:/usr/sbin:/sbin:/usr/local/git/bin
10 verbose lifecycle @~build:client: CWD: /Users/shuxun/IdeaProject/Vue/road-of-vue
11 silly lifecycle @~build:client: Args: [ '-c',
11 silly lifecycle   'cross-env NODE_ENV=production webpack --config build/config/webpack.client.config.js --progress --hide-modules' ]
12 silly lifecycle @~build:client: Returned: code: 2  signal: null
13 info lifecycle @~build:client: Failed to exec build:client script
14 verbose stack Error: @ build:client: `cross-env NODE_ENV=production webpack --config build/config/webpack.client.config.js --progress --hide-modules`
14 verbose stack Exit status 2
14 verbose stack     at EventEmitter.<anonymous> (/usr/local/lib/node_modules/npm/lib/utils/lifecycle.js:255:16)
14 verbose stack     at emitTwo (events.js:106:13)
14 verbose stack     at EventEmitter.emit (events.js:191:7)
14 verbose stack     at ChildProcess.<anonymous> (/usr/local/lib/node_modules/npm/lib/utils/spawn.js:40:14)
14 verbose stack     at emitTwo (events.js:106:13)
14 verbose stack     at ChildProcess.emit (events.js:191:7)
14 verbose stack     at maybeClose (internal/child_process.js:885:16)
14 verbose stack     at Process.ChildProcess._handle.onexit (internal/child_process.js:226:5)
15 verbose pkgid @
16 verbose cwd /Users/shuxun/IdeaProject/Vue/road-of-vue
17 error Darwin 16.3.0
18 error argv "/usr/local/bin/node" "/usr/local/bin/npm" "run" "build:client"
19 error node v7.1.0
20 error npm  v3.10.9
21 error code ELIFECYCLE
22 error @ build:client: `cross-env NODE_ENV=production webpack --config build/config/webpack.client.config.js --progress --hide-modules`
22 error Exit status 2
23 error Failed at the @ build:client script 'cross-env NODE_ENV=production webpack --config build/config/webpack.client.config.js --progress --hide-modules'.
23 error Make sure you have the latest version of node.js and npm installed.
23 error If you do, this is most likely a problem with the  package,
23 error not with npm itself.
23 error Tell the author that this fails on your system:
23 error     cross-env NODE_ENV=production webpack --config build/config/webpack.client.config.js --progress --hide-modules
23 error You can get information on how to open an issue for this project with:
23 error     npm bugs
23 error Or if that isn't available, you can get their info via:
23 error     npm owner ls
23 error There is likely additional logging output above.
24 verbose exit [ 1, true ]
