14:32:06.880 INFO - Selenium build info: version: '3.0.1', revision: '1969d75'
14:32:06.883 INFO - Launching a standalone Selenium Server
2016-11-29 14:32:06.931:INFO::main: Logging initialized @572ms
14:32:07.032 INFO - Driver provider org.openqa.selenium.ie.InternetExplorerDriver registration is skipped:
 registration capabilities Capabilities [{ensureCleanSession=true, browserName=internet explorer, version=, platform=WINDOWS}] does not match the current platform MAC
14:32:07.032 INFO - Driver provider org.openqa.selenium.edge.EdgeDriver registration is skipped:
 registration capabilities Capabilities [{browserName=MicrosoftEdge, version=, platform=WINDOWS}] does not match the current platform MAC
14:32:07.032 INFO - Driver class not found: com.opera.core.systems.OperaDriver
14:32:07.033 INFO - Driver provider com.opera.core.systems.OperaDriver registration is skipped:
Unable to create new instances on this machine.
14:32:07.033 INFO - Driver class not found: com.opera.core.systems.OperaDriver
14:32:07.033 INFO - Driver provider com.opera.core.systems.OperaDriver is not registered
2016-11-29 14:32:07.104:INFO:osjs.Server:main: jetty-9.2.15.v20160210
2016-11-29 14:32:07.165:INFO:osjsh.ContextHandler:main: Started o.s.j.s.ServletContextHandler@9629756{/,null,AVAILABLE}
2016-11-29 14:32:07.237:INFO:osjs.ServerConnector:main: Started ServerConnector@45a87881{HTTP/1.1}{0.0.0.0:4444}
2016-11-29 14:32:07.239:INFO:osjs.Server:main: Started @880ms
14:32:07.239 INFO - Selenium Server is up and running
14:32:07.556 INFO - SessionCleaner initialized with insideBrowserTimeout 0 and clientGoneTimeout 1800000 polling every 180000
14:32:07.606 INFO - Executing: [new session: Capabilities [{acceptSslCerts=true, name=Test, browserName=chrome, javascriptEnabled=true, chromeOptions={args=[--no-sandbox]}, platform=ANY}]])
14:32:07.644 INFO - Creating a new session for Capabilities [{acceptSslCerts=true, name=Test, browserName=chrome, javascriptEnabled=true, chromeOptions={args=[--no-sandbox]}, platform=ANY}]
Starting ChromeDriver 2.25.426935 (820a95b0b81d33e42712f9198c215f703412e1a1) on port 42771
Only local connections are allowed.
14:32:08.168 INFO - Attempting bi-dialect session, assuming Postel's Law holds true on the remote end
14:32:12.181 INFO - Detected dialect: OSS
14:32:12.206 INFO - Done: [new session: Capabilities [{acceptSslCerts=true, name=Test, browserName=chrome, javascriptEnabled=true, chromeOptions={args=[--no-sandbox]}, platform=ANY}]]
14:32:12.227 INFO - Executing: [switch to parent frame])
14:32:12.270 INFO - Done: [switch to parent frame]
14:32:12.283 INFO - Executing: [set window position])
14:32:12.492 INFO - Done: [set window position]
14:32:12.500 INFO - Executing: [set window size])
14:32:12.535 INFO - Done: [set window size]
14:32:15.547 INFO - Executing: [get: http://localhost:3000/#/])
14:32:16.007 INFO - Done: [get: http://localhost:3000/#/]
14:32:16.016 INFO - Executing: [find elements: By.cssSelector: #app])
14:32:16.046 INFO - Done: [find elements: By.cssSelector: #app]
14:32:16.054 INFO - Executing: [is displayed: 0 [[ChromeDriver: chrome on MAC (60a7a70649f3193df048b070183beaca)] -> css selector: #app]])
14:32:16.070 INFO - Done: [is displayed: 0 [[ChromeDriver: chrome on MAC (60a7a70649f3193df048b070183beaca)] -> css selector: #app]]
14:32:16.077 INFO - Executing: [find elements: By.cssSelector: body])
14:32:16.094 INFO - Done: [find elements: By.cssSelector: body]
14:32:17.107 INFO - Executing: [find element: By.cssSelector: a[href="/#/show"]])
14:32:17.129 INFO - Done: [find element: By.cssSelector: a[href="/#/show"]]
14:32:17.133 INFO - Executing: [click: 2 [[ChromeDriver: chrome on MAC (60a7a70649f3193df048b070183beaca)] -> css selector: a[href="/#/show"]]])
14:32:17.186 INFO - Done: [click: 2 [[ChromeDriver: chrome on MAC (60a7a70649f3193df048b070183beaca)] -> css selector: a[href="/#/show"]]]
14:32:17.198 INFO - Executing: [find elements: By.cssSelector: span[value="1002"]])
14:32:17.215 INFO - Done: [find elements: By.cssSelector: span[value="1002"]]
14:32:17.219 INFO - Executing: [is displayed: 3 [[ChromeDriver: chrome on MAC (60a7a70649f3193df048b070183beaca)] -> css selector: span[value="1002"]]])
14:32:17.233 INFO - Done: [is displayed: 3 [[ChromeDriver: chrome on MAC (60a7a70649f3193df048b070183beaca)] -> css selector: span[value="1002"]]]
14:32:17.743 INFO - Executing: [is displayed: 3 [[ChromeDriver: chrome on MAC (60a7a70649f3193df048b070183beaca)] -> css selector: span[value="1002"]]])
14:32:17.750 INFO - Done: [is displayed: 3 [[ChromeDriver: chrome on MAC (60a7a70649f3193df048b070183beaca)] -> css selector: span[value="1002"]]]
14:32:18.759 INFO - Executing: [mousemove: span[value="1002"] false])
14:32:18.760 WARN - Exception thrown
java.lang.NullPointerException
	at org.openqa.selenium.remote.server.handler.interactions.MouseMoveToLocation.call(MouseMoveToLocation.java:53)
	at org.openqa.selenium.remote.server.handler.interactions.MouseMoveToLocation.call(MouseMoveToLocation.java:32)
	at java.util.concurrent.FutureTask.run(FutureTask.java:266)
	at org.openqa.selenium.remote.server.DefaultSession$1.run(DefaultSession.java:176)
	at java.util.concurrent.ThreadPoolExecutor.runWorker(ThreadPoolExecutor.java:1142)
	at java.util.concurrent.ThreadPoolExecutor$Worker.run(ThreadPoolExecutor.java:617)
	at java.lang.Thread.run(Thread.java:745)
14:32:18.764 WARN - Exception: null
14:32:18.815 INFO - Executing: [find element: By.cssSelector: span[value="1002"]])
14:32:18.861 INFO - Done: [find element: By.cssSelector: span[value="1002"]]
14:32:18.869 INFO - Executing: [click: 3 [[ChromeDriver: chrome on MAC (60a7a70649f3193df048b070183beaca)] -> css selector: span[value="1002"]]])
14:32:18.986 INFO - Done: [click: 3 [[ChromeDriver: chrome on MAC (60a7a70649f3193df048b070183beaca)] -> css selector: span[value="1002"]]]
14:32:19.995 INFO - Executing: [find element: By.cssSelector: span[value="1001"]])
14:32:20.093 INFO - Done: [find element: By.cssSelector: span[value="1001"]]
14:32:20.098 INFO - Executing: [click: 4 [[ChromeDriver: chrome on MAC (60a7a70649f3193df048b070183beaca)] -> css selector: span[value="1001"]]])
14:32:20.249 INFO - Done: [click: 4 [[ChromeDriver: chrome on MAC (60a7a70649f3193df048b070183beaca)] -> css selector: span[value="1001"]]]
14:32:21.260 INFO - Executing: [find element: By.cssSelector: span[value="1003"]])
14:32:21.295 INFO - Done: [find element: By.cssSelector: span[value="1003"]]
14:32:21.307 INFO - Executing: [click: 5 [[ChromeDriver: chrome on MAC (60a7a70649f3193df048b070183beaca)] -> css selector: span[value="1003"]]])
14:32:21.409 INFO - Done: [click: 5 [[ChromeDriver: chrome on MAC (60a7a70649f3193df048b070183beaca)] -> css selector: span[value="1003"]]]
14:32:22.417 INFO - Executing: [find element: By.cssSelector: span[value="1004"]])
14:32:23.218 WARN - Exception thrown
org.openqa.selenium.NoSuchElementException: no such element: Unable to locate element: {"method":"css selector","selector":"span[value="1004"]"}
  (Session info: chrome=54.0.2840.98)
  (Driver info: chromedriver=2.25.426935 (820a95b0b81d33e42712f9198c215f703412e1a1),platform=Mac OS X 10.12.1 x86_64) (WARNING: The server did not provide any stacktrace information)
Command duration or timeout: 25 milliseconds
For documentation on this error, please visit: http://seleniumhq.org/exceptions/no_such_element.html
Build info: version: '3.0.1', revision: '1969d75', time: '2016-10-18 09:48:19 -0700'
System info: host: 'yinshuxundeMacBook-Pro.local', ip: '192.168.28.190', os.name: 'Mac OS X', os.arch: 'x86_64', os.version: '10.12.1', java.version: '1.8.0_72'
Driver info: org.openqa.selenium.chrome.ChromeDriver
Capabilities [{applicationCacheEnabled=false, rotatable=false, mobileEmulationEnabled=false, networkConnectionEnabled=false, chrome={chromedriverVersion=2.25.426935 (820a95b0b81d33e42712f9198c215f703412e1a1), userDataDir=/var/folders/wv/m9j56wcn2dlfg7gqww1zcjs00000gn/T/.org.chromium.Chromium.GuJdFA}, takesHeapSnapshot=true, pageLoadStrategy=normal, databaseEnabled=false, handlesAlerts=true, hasTouchScreen=false, version=54.0.2840.98, platform=MAC, browserConnectionEnabled=false, nativeEvents=true, acceptSslCerts=true, locationContextEnabled=true, webStorageEnabled=true, browserName=chrome, takesScreenshot=true, javascriptEnabled=true, cssSelectorsEnabled=true}]
Session ID: 60a7a70649f3193df048b070183beaca
*** Element info: {Using=css selector, value=span[value="1004"]}
	at sun.reflect.NativeConstructorAccessorImpl.newInstance0(Native Method)
	at sun.reflect.NativeConstructorAccessorImpl.newInstance(NativeConstructorAccessorImpl.java:62)
	at sun.reflect.DelegatingConstructorAccessorImpl.newInstance(DelegatingConstructorAccessorImpl.java:45)
	at java.lang.reflect.Constructor.newInstance(Constructor.java:423)
	at org.openqa.selenium.remote.ErrorHandler.createThrowable(ErrorHandler.java:216)
	at org.openqa.selenium.remote.ErrorHandler.throwIfResponseFailed(ErrorHandler.java:168)
	at org.openqa.selenium.remote.RemoteWebDriver.execute(RemoteWebDriver.java:635)
	at org.openqa.selenium.remote.RemoteWebDriver.findElement(RemoteWebDriver.java:368)
	at org.openqa.selenium.remote.RemoteWebDriver.findElementByCssSelector(RemoteWebDriver.java:465)
	at org.openqa.selenium.By$ByCssSelector.findElement(By.java:430)
	at org.openqa.selenium.remote.RemoteWebDriver.findElement(RemoteWebDriver.java:360)
	at sun.reflect.NativeMethodAccessorImpl.invoke0(Native Method)
	at sun.reflect.NativeMethodAccessorImpl.invoke(NativeMethodAccessorImpl.java:62)
	at sun.reflect.DelegatingMethodAccessorImpl.invoke(DelegatingMethodAccessorImpl.java:43)
	at java.lang.reflect.Method.invoke(Method.java:498)
	at org.openqa.selenium.support.events.EventFiringWebDriver$2.invoke(EventFiringWebDriver.java:103)
	at com.sun.proxy.$Proxy4.findElement(Unknown Source)
	at org.openqa.selenium.support.events.EventFiringWebDriver.findElement(EventFiringWebDriver.java:187)
	at org.openqa.selenium.remote.server.handler.FindElement.call(FindElement.java:48)
	at org.openqa.selenium.remote.server.handler.FindElement.call(FindElement.java:33)
	at java.util.concurrent.FutureTask.run(FutureTask.java:266)
	at org.openqa.selenium.remote.server.DefaultSession$1.run(DefaultSession.java:176)
	at java.util.concurrent.ThreadPoolExecutor.runWorker(ThreadPoolExecutor.java:1142)
	at java.util.concurrent.ThreadPoolExecutor$Worker.run(ThreadPoolExecutor.java:617)
	at java.lang.Thread.run(Thread.java:745)
14:32:23.219 WARN - Exception: no such element: Unable to locate element: {"method":"css selector","selector":"span[value="1004"]"}
  (Session info: chrome=54.0.2840.98)
  (Driver info: chromedriver=2.25.426935 (820a95b0b81d33e42712f9198c215f703412e1a1),platform=Mac OS X 10.12.1 x86_64) (WARNING: The server did not provide any stacktrace information)
Command duration or timeout: 25 milliseconds
For documentation on this error, please visit: http://seleniumhq.org/exceptions/no_such_element.html
Build info: version: '3.0.1', revision: '1969d75', time: '2016-10-18 09:48:19 -0700'
System info: host: 'yinshuxundeMacBook-Pro.local', ip: '192.168.28.190', os.name: 'Mac OS X', os.arch: 'x86_64', os.version: '10.12.1', java.version: '1.8.0_72'
Driver info: org.openqa.selenium.chrome.ChromeDriver
Capabilities [{applicationCacheEnabled=false, rotatable=false, mobileEmulationEnabled=false, networkConnectionEnabled=false, chrome={chromedriverVersion=2.25.426935 (820a95b0b81d33e42712f9198c215f703412e1a1), userDataDir=/var/folders/wv/m9j56wcn2dlfg7gqww1zcjs00000gn/T/.org.chromium.Chromium.GuJdFA}, takesHeapSnapshot=true, pageLoadStrategy=normal, databaseEnabled=false, handlesAlerts=true, hasTouchScreen=false, version=54.0.2840.98, platform=MAC, browserConnectionEnabled=false, nativeEvents=true, acceptSslCerts=true, locationContextEnabled=true, webStorageEnabled=true, browserName=chrome, takesScreenshot=true, javascriptEnabled=true, cssSelectorsEnabled=true}]
Session ID: 60a7a70649f3193df048b070183beaca
*** Element info: {Using=css selector, value=span[value="1004"]}
14:32:24.277 INFO - Executing: [find element: By.cssSelector: span[value="1002"]])
14:32:24.285 INFO - Done: [find element: By.cssSelector: span[value="1002"]]
14:32:24.293 INFO - Executing: [click: 3 [[ChromeDriver: chrome on MAC (60a7a70649f3193df048b070183beaca)] -> css selector: span[value="1002"]]])
14:32:24.316 INFO - Done: [click: 3 [[ChromeDriver: chrome on MAC (60a7a70649f3193df048b070183beaca)] -> css selector: span[value="1002"]]]
14:32:25.325 INFO - Executing: [find element: By.cssSelector: span[value="1001"]])
14:32:25.347 INFO - Done: [find element: By.cssSelector: span[value="1001"]]
14:32:25.352 INFO - Executing: [click: 4 [[ChromeDriver: chrome on MAC (60a7a70649f3193df048b070183beaca)] -> css selector: span[value="1001"]]])
14:32:25.554 INFO - Done: [click: 4 [[ChromeDriver: chrome on MAC (60a7a70649f3193df048b070183beaca)] -> css selector: span[value="1001"]]]
14:32:26.570 INFO - Executing: [find element: By.cssSelector: span[value="1003"]])
14:32:26.587 INFO - Done: [find element: By.cssSelector: span[value="1003"]]
14:32:26.592 INFO - Executing: [click: 5 [[ChromeDriver: chrome on MAC (60a7a70649f3193df048b070183beaca)] -> css selector: span[value="1003"]]])
14:32:26.684 INFO - Done: [click: 5 [[ChromeDriver: chrome on MAC (60a7a70649f3193df048b070183beaca)] -> css selector: span[value="1003"]]]
14:32:27.706 INFO - Executing: [find element: By.cssSelector: span[value="1004"]])
14:32:28.209 WARN - Exception thrown
org.openqa.selenium.NoSuchElementException: no such element: Unable to locate element: {"method":"css selector","selector":"span[value="1004"]"}
  (Session info: chrome=54.0.2840.98)
  (Driver info: chromedriver=2.25.426935 (820a95b0b81d33e42712f9198c215f703412e1a1),platform=Mac OS X 10.12.1 x86_64) (WARNING: The server did not provide any stacktrace information)
Command duration or timeout: 21 milliseconds
For documentation on this error, please visit: http://seleniumhq.org/exceptions/no_such_element.html
Build info: version: '3.0.1', revision: '1969d75', time: '2016-10-18 09:48:19 -0700'
System info: host: 'yinshuxundeMacBook-Pro.local', ip: '192.168.28.190', os.name: 'Mac OS X', os.arch: 'x86_64', os.version: '10.12.1', java.version: '1.8.0_72'
Driver info: org.openqa.selenium.chrome.ChromeDriver
Capabilities [{applicationCacheEnabled=false, rotatable=false, mobileEmulationEnabled=false, networkConnectionEnabled=false, chrome={chromedriverVersion=2.25.426935 (820a95b0b81d33e42712f9198c215f703412e1a1), userDataDir=/var/folders/wv/m9j56wcn2dlfg7gqww1zcjs00000gn/T/.org.chromium.Chromium.GuJdFA}, takesHeapSnapshot=true, pageLoadStrategy=normal, databaseEnabled=false, handlesAlerts=true, hasTouchScreen=false, version=54.0.2840.98, platform=MAC, browserConnectionEnabled=false, nativeEvents=true, acceptSslCerts=true, locationContextEnabled=true, webStorageEnabled=true, browserName=chrome, takesScreenshot=true, javascriptEnabled=true, cssSelectorsEnabled=true}]
Session ID: 60a7a70649f3193df048b070183beaca
*** Element info: {Using=css selector, value=span[value="1004"]}
	at sun.reflect.NativeConstructorAccessorImpl.newInstance0(Native Method)
	at sun.reflect.NativeConstructorAccessorImpl.newInstance(NativeConstructorAccessorImpl.java:62)
	at sun.reflect.DelegatingConstructorAccessorImpl.newInstance(DelegatingConstructorAccessorImpl.java:45)
	at java.lang.reflect.Constructor.newInstance(Constructor.java:423)
	at org.openqa.selenium.remote.ErrorHandler.createThrowable(ErrorHandler.java:216)
	at org.openqa.selenium.remote.ErrorHandler.throwIfResponseFailed(ErrorHandler.java:168)
	at org.openqa.selenium.remote.RemoteWebDriver.execute(RemoteWebDriver.java:635)
	at org.openqa.selenium.remote.RemoteWebDriver.findElement(RemoteWebDriver.java:368)
	at org.openqa.selenium.remote.RemoteWebDriver.findElementByCssSelector(RemoteWebDriver.java:465)
	at org.openqa.selenium.By$ByCssSelector.findElement(By.java:430)
	at org.openqa.selenium.remote.RemoteWebDriver.findElement(RemoteWebDriver.java:360)
	at sun.reflect.NativeMethodAccessorImpl.invoke0(Native Method)
	at sun.reflect.NativeMethodAccessorImpl.invoke(NativeMethodAccessorImpl.java:62)
	at sun.reflect.DelegatingMethodAccessorImpl.invoke(DelegatingMethodAccessorImpl.java:43)
	at java.lang.reflect.Method.invoke(Method.java:498)
	at org.openqa.selenium.support.events.EventFiringWebDriver$2.invoke(EventFiringWebDriver.java:103)
	at com.sun.proxy.$Proxy4.findElement(Unknown Source)
	at org.openqa.selenium.support.events.EventFiringWebDriver.findElement(EventFiringWebDriver.java:187)
	at org.openqa.selenium.remote.server.handler.FindElement.call(FindElement.java:48)
	at org.openqa.selenium.remote.server.handler.FindElement.call(FindElement.java:33)
	at java.util.concurrent.FutureTask.run(FutureTask.java:266)
	at org.openqa.selenium.remote.server.DefaultSession$1.run(DefaultSession.java:176)
	at java.util.concurrent.ThreadPoolExecutor.runWorker(ThreadPoolExecutor.java:1142)
	at java.util.concurrent.ThreadPoolExecutor$Worker.run(ThreadPoolExecutor.java:617)
	at java.lang.Thread.run(Thread.java:745)
14:32:28.214 WARN - Exception: no such element: Unable to locate element: {"method":"css selector","selector":"span[value="1004"]"}
  (Session info: chrome=54.0.2840.98)
  (Driver info: chromedriver=2.25.426935 (820a95b0b81d33e42712f9198c215f703412e1a1),platform=Mac OS X 10.12.1 x86_64) (WARNING: The server did not provide any stacktrace information)
Command duration or timeout: 21 milliseconds
For documentation on this error, please visit: http://seleniumhq.org/exceptions/no_such_element.html
Build info: version: '3.0.1', revision: '1969d75', time: '2016-10-18 09:48:19 -0700'
System info: host: 'yinshuxundeMacBook-Pro.local', ip: '192.168.28.190', os.name: 'Mac OS X', os.arch: 'x86_64', os.version: '10.12.1', java.version: '1.8.0_72'
Driver info: org.openqa.selenium.chrome.ChromeDriver
Capabilities [{applicationCacheEnabled=false, rotatable=false, mobileEmulationEnabled=false, networkConnectionEnabled=false, chrome={chromedriverVersion=2.25.426935 (820a95b0b81d33e42712f9198c215f703412e1a1), userDataDir=/var/folders/wv/m9j56wcn2dlfg7gqww1zcjs00000gn/T/.org.chromium.Chromium.GuJdFA}, takesHeapSnapshot=true, pageLoadStrategy=normal, databaseEnabled=false, handlesAlerts=true, hasTouchScreen=false, version=54.0.2840.98, platform=MAC, browserConnectionEnabled=false, nativeEvents=true, acceptSslCerts=true, locationContextEnabled=true, webStorageEnabled=true, browserName=chrome, takesScreenshot=true, javascriptEnabled=true, cssSelectorsEnabled=true}]
Session ID: 60a7a70649f3193df048b070183beaca
*** Element info: {Using=css selector, value=span[value="1004"]}
14:32:29.264 INFO - Executing: [find element: By.cssSelector: span[value="1002"]])
14:32:29.271 INFO - Done: [find element: By.cssSelector: span[value="1002"]]
14:32:29.276 INFO - Executing: [click: 3 [[ChromeDriver: chrome on MAC (60a7a70649f3193df048b070183beaca)] -> css selector: span[value="1002"]]])
14:32:29.293 INFO - Done: [click: 3 [[ChromeDriver: chrome on MAC (60a7a70649f3193df048b070183beaca)] -> css selector: span[value="1002"]]]
14:32:30.302 INFO - Executing: [find element: By.cssSelector: span[value="1001"]])
14:32:30.311 INFO - Done: [find element: By.cssSelector: span[value="1001"]]
14:32:30.316 INFO - Executing: [click: 4 [[ChromeDriver: chrome on MAC (60a7a70649f3193df048b070183beaca)] -> css selector: span[value="1001"]]])
14:32:30.345 INFO - Done: [click: 4 [[ChromeDriver: chrome on MAC (60a7a70649f3193df048b070183beaca)] -> css selector: span[value="1001"]]]
14:32:31.353 INFO - Executing: [find element: By.cssSelector: span[value="1003"]])
14:32:31.363 INFO - Done: [find element: By.cssSelector: span[value="1003"]]
14:32:31.372 INFO - Executing: [click: 5 [[ChromeDriver: chrome on MAC (60a7a70649f3193df048b070183beaca)] -> css selector: span[value="1003"]]])
14:32:31.418 INFO - Done: [click: 5 [[ChromeDriver: chrome on MAC (60a7a70649f3193df048b070183beaca)] -> css selector: span[value="1003"]]]
14:32:32.427 INFO - Executing: [find element: By.cssSelector: span[value="1004"]])
14:32:32.686 WARN - Exception thrown
org.openqa.selenium.NoSuchElementException: no such element: Unable to locate element: {"method":"css selector","selector":"span[value="1004"]"}
  (Session info: chrome=54.0.2840.98)
  (Driver info: chromedriver=2.25.426935 (820a95b0b81d33e42712f9198c215f703412e1a1),platform=Mac OS X 10.12.1 x86_64) (WARNING: The server did not provide any stacktrace information)
Command duration or timeout: 15 milliseconds
For documentation on this error, please visit: http://seleniumhq.org/exceptions/no_such_element.html
Build info: version: '3.0.1', revision: '1969d75', time: '2016-10-18 09:48:19 -0700'
System info: host: 'yinshuxundeMacBook-Pro.local', ip: '192.168.28.190', os.name: 'Mac OS X', os.arch: 'x86_64', os.version: '10.12.1', java.version: '1.8.0_72'
Driver info: org.openqa.selenium.chrome.ChromeDriver
Capabilities [{applicationCacheEnabled=false, rotatable=false, mobileEmulationEnabled=false, networkConnectionEnabled=false, chrome={chromedriverVersion=2.25.426935 (820a95b0b81d33e42712f9198c215f703412e1a1), userDataDir=/var/folders/wv/m9j56wcn2dlfg7gqww1zcjs00000gn/T/.org.chromium.Chromium.GuJdFA}, takesHeapSnapshot=true, pageLoadStrategy=normal, databaseEnabled=false, handlesAlerts=true, hasTouchScreen=false, version=54.0.2840.98, platform=MAC, browserConnectionEnabled=false, nativeEvents=true, acceptSslCerts=true, locationContextEnabled=true, webStorageEnabled=true, browserName=chrome, takesScreenshot=true, javascriptEnabled=true, cssSelectorsEnabled=true}]
Session ID: 60a7a70649f3193df048b070183beaca
*** Element info: {Using=css selector, value=span[value="1004"]}
	at sun.reflect.NativeConstructorAccessorImpl.newInstance0(Native Method)
	at sun.reflect.NativeConstructorAccessorImpl.newInstance(NativeConstructorAccessorImpl.java:62)
	at sun.reflect.DelegatingConstructorAccessorImpl.newInstance(DelegatingConstructorAccessorImpl.java:45)
	at java.lang.reflect.Constructor.newInstance(Constructor.java:423)
	at org.openqa.selenium.remote.ErrorHandler.createThrowable(ErrorHandler.java:216)
	at org.openqa.selenium.remote.ErrorHandler.throwIfResponseFailed(ErrorHandler.java:168)
	at org.openqa.selenium.remote.RemoteWebDriver.execute(RemoteWebDriver.java:635)
	at org.openqa.selenium.remote.RemoteWebDriver.findElement(RemoteWebDriver.java:368)
	at org.openqa.selenium.remote.RemoteWebDriver.findElementByCssSelector(RemoteWebDriver.java:465)
	at org.openqa.selenium.By$ByCssSelector.findElement(By.java:430)
	at org.openqa.selenium.remote.RemoteWebDriver.findElement(RemoteWebDriver.java:360)
	at sun.reflect.NativeMethodAccessorImpl.invoke0(Native Method)
	at sun.reflect.NativeMethodAccessorImpl.invoke(NativeMethodAccessorImpl.java:62)
	at sun.reflect.DelegatingMethodAccessorImpl.invoke(DelegatingMethodAccessorImpl.java:43)
	at java.lang.reflect.Method.invoke(Method.java:498)
	at org.openqa.selenium.support.events.EventFiringWebDriver$2.invoke(EventFiringWebDriver.java:103)
	at com.sun.proxy.$Proxy4.findElement(Unknown Source)
	at org.openqa.selenium.support.events.EventFiringWebDriver.findElement(EventFiringWebDriver.java:187)
	at org.openqa.selenium.remote.server.handler.FindElement.call(FindElement.java:48)
	at org.openqa.selenium.remote.server.handler.FindElement.call(FindElement.java:33)
	at java.util.concurrent.FutureTask.run(FutureTask.java:266)
	at org.openqa.selenium.remote.server.DefaultSession$1.run(DefaultSession.java:176)
	at java.util.concurrent.ThreadPoolExecutor.runWorker(ThreadPoolExecutor.java:1142)
	at java.util.concurrent.ThreadPoolExecutor$Worker.run(ThreadPoolExecutor.java:617)
	at java.lang.Thread.run(Thread.java:745)
14:32:32.688 WARN - Exception: no such element: Unable to locate element: {"method":"css selector","selector":"span[value="1004"]"}
  (Session info: chrome=54.0.2840.98)
  (Driver info: chromedriver=2.25.426935 (820a95b0b81d33e42712f9198c215f703412e1a1),platform=Mac OS X 10.12.1 x86_64) (WARNING: The server did not provide any stacktrace information)
Command duration or timeout: 15 milliseconds
For documentation on this error, please visit: http://seleniumhq.org/exceptions/no_such_element.html
Build info: version: '3.0.1', revision: '1969d75', time: '2016-10-18 09:48:19 -0700'
System info: host: 'yinshuxundeMacBook-Pro.local', ip: '192.168.28.190', os.name: 'Mac OS X', os.arch: 'x86_64', os.version: '10.12.1', java.version: '1.8.0_72'
Driver info: org.openqa.selenium.chrome.ChromeDriver
Capabilities [{applicationCacheEnabled=false, rotatable=false, mobileEmulationEnabled=false, networkConnectionEnabled=false, chrome={chromedriverVersion=2.25.426935 (820a95b0b81d33e42712f9198c215f703412e1a1), userDataDir=/var/folders/wv/m9j56wcn2dlfg7gqww1zcjs00000gn/T/.org.chromium.Chromium.GuJdFA}, takesHeapSnapshot=true, pageLoadStrategy=normal, databaseEnabled=false, handlesAlerts=true, hasTouchScreen=false, version=54.0.2840.98, platform=MAC, browserConnectionEnabled=false, nativeEvents=true, acceptSslCerts=true, locationContextEnabled=true, webStorageEnabled=true, browserName=chrome, takesScreenshot=true, javascriptEnabled=true, cssSelectorsEnabled=true}]
Session ID: 60a7a70649f3193df048b070183beaca
*** Element info: {Using=css selector, value=span[value="1004"]}
14:32:33.716 INFO - Executing: [find element: By.cssSelector: span[value="1002"]])
14:32:33.725 INFO - Done: [find element: By.cssSelector: span[value="1002"]]
14:32:33.728 INFO - Executing: [click: 3 [[ChromeDriver: chrome on MAC (60a7a70649f3193df048b070183beaca)] -> css selector: span[value="1002"]]])
14:32:33.747 INFO - Done: [click: 3 [[ChromeDriver: chrome on MAC (60a7a70649f3193df048b070183beaca)] -> css selector: span[value="1002"]]]
14:32:34.758 INFO - Executing: [find element: By.cssSelector: span[value="1001"]])
14:32:34.775 INFO - Done: [find element: By.cssSelector: span[value="1001"]]
14:32:34.781 INFO - Executing: [click: 4 [[ChromeDriver: chrome on MAC (60a7a70649f3193df048b070183beaca)] -> css selector: span[value="1001"]]])
14:32:34.815 INFO - Done: [click: 4 [[ChromeDriver: chrome on MAC (60a7a70649f3193df048b070183beaca)] -> css selector: span[value="1001"]]]
14:32:35.828 INFO - Executing: [find element: By.cssSelector: span[value="1003"]])
14:32:35.851 INFO - Done: [find element: By.cssSelector: span[value="1003"]]
14:32:35.859 INFO - Executing: [click: 5 [[ChromeDriver: chrome on MAC (60a7a70649f3193df048b070183beaca)] -> css selector: span[value="1003"]]])
14:32:35.916 INFO - Done: [click: 5 [[ChromeDriver: chrome on MAC (60a7a70649f3193df048b070183beaca)] -> css selector: span[value="1003"]]]
14:32:36.923 INFO - Executing: [find element: By.cssSelector: span[value="1004"]])
14:32:37.155 WARN - Exception thrown
org.openqa.selenium.NoSuchElementException: no such element: Unable to locate element: {"method":"css selector","selector":"span[value="1004"]"}
  (Session info: chrome=54.0.2840.98)
  (Driver info: chromedriver=2.25.426935 (820a95b0b81d33e42712f9198c215f703412e1a1),platform=Mac OS X 10.12.1 x86_64) (WARNING: The server did not provide any stacktrace information)
Command duration or timeout: 7 milliseconds
For documentation on this error, please visit: http://seleniumhq.org/exceptions/no_such_element.html
Build info: version: '3.0.1', revision: '1969d75', time: '2016-10-18 09:48:19 -0700'
System info: host: 'yinshuxundeMacBook-Pro.local', ip: '192.168.28.190', os.name: 'Mac OS X', os.arch: 'x86_64', os.version: '10.12.1', java.version: '1.8.0_72'
Driver info: org.openqa.selenium.chrome.ChromeDriver
Capabilities [{applicationCacheEnabled=false, rotatable=false, mobileEmulationEnabled=false, networkConnectionEnabled=false, chrome={chromedriverVersion=2.25.426935 (820a95b0b81d33e42712f9198c215f703412e1a1), userDataDir=/var/folders/wv/m9j56wcn2dlfg7gqww1zcjs00000gn/T/.org.chromium.Chromium.GuJdFA}, takesHeapSnapshot=true, pageLoadStrategy=normal, databaseEnabled=false, handlesAlerts=true, hasTouchScreen=false, version=54.0.2840.98, platform=MAC, browserConnectionEnabled=false, nativeEvents=true, acceptSslCerts=true, locationContextEnabled=true, webStorageEnabled=true, browserName=chrome, takesScreenshot=true, javascriptEnabled=true, cssSelectorsEnabled=true}]
Session ID: 60a7a70649f3193df048b070183beaca
*** Element info: {Using=css selector, value=span[value="1004"]}
	at sun.reflect.NativeConstructorAccessorImpl.newInstance0(Native Method)
	at sun.reflect.NativeConstructorAccessorImpl.newInstance(NativeConstructorAccessorImpl.java:62)
	at sun.reflect.DelegatingConstructorAccessorImpl.newInstance(DelegatingConstructorAccessorImpl.java:45)
	at java.lang.reflect.Constructor.newInstance(Constructor.java:423)
	at org.openqa.selenium.remote.ErrorHandler.createThrowable(ErrorHandler.java:216)
	at org.openqa.selenium.remote.ErrorHandler.throwIfResponseFailed(ErrorHandler.java:168)
	at org.openqa.selenium.remote.RemoteWebDriver.execute(RemoteWebDriver.java:635)
	at org.openqa.selenium.remote.RemoteWebDriver.findElement(RemoteWebDriver.java:368)
	at org.openqa.selenium.remote.RemoteWebDriver.findElementByCssSelector(RemoteWebDriver.java:465)
	at org.openqa.selenium.By$ByCssSelector.findElement(By.java:430)
	at org.openqa.selenium.remote.RemoteWebDriver.findElement(RemoteWebDriver.java:360)
	at sun.reflect.GeneratedMethodAccessor15.invoke(Unknown Source)
	at sun.reflect.DelegatingMethodAccessorImpl.invoke(DelegatingMethodAccessorImpl.java:43)
	at java.lang.reflect.Method.invoke(Method.java:498)
	at org.openqa.selenium.support.events.EventFiringWebDriver$2.invoke(EventFiringWebDriver.java:103)
	at com.sun.proxy.$Proxy4.findElement(Unknown Source)
	at org.openqa.selenium.support.events.EventFiringWebDriver.findElement(EventFiringWebDriver.java:187)
	at org.openqa.selenium.remote.server.handler.FindElement.call(FindElement.java:48)
	at org.openqa.selenium.remote.server.handler.FindElement.call(FindElement.java:33)
	at java.util.concurrent.FutureTask.run(FutureTask.java:266)
	at org.openqa.selenium.remote.server.DefaultSession$1.run(DefaultSession.java:176)
	at java.util.concurrent.ThreadPoolExecutor.runWorker(ThreadPoolExecutor.java:1142)
	at java.util.concurrent.ThreadPoolExecutor$Worker.run(ThreadPoolExecutor.java:617)
	at java.lang.Thread.run(Thread.java:745)
14:32:37.156 WARN - Exception: no such element: Unable to locate element: {"method":"css selector","selector":"span[value="1004"]"}
  (Session info: chrome=54.0.2840.98)
  (Driver info: chromedriver=2.25.426935 (820a95b0b81d33e42712f9198c215f703412e1a1),platform=Mac OS X 10.12.1 x86_64) (WARNING: The server did not provide any stacktrace information)
Command duration or timeout: 7 milliseconds
For documentation on this error, please visit: http://seleniumhq.org/exceptions/no_such_element.html
Build info: version: '3.0.1', revision: '1969d75', time: '2016-10-18 09:48:19 -0700'
System info: host: 'yinshuxundeMacBook-Pro.local', ip: '192.168.28.190', os.name: 'Mac OS X', os.arch: 'x86_64', os.version: '10.12.1', java.version: '1.8.0_72'
Driver info: org.openqa.selenium.chrome.ChromeDriver
Capabilities [{applicationCacheEnabled=false, rotatable=false, mobileEmulationEnabled=false, networkConnectionEnabled=false, chrome={chromedriverVersion=2.25.426935 (820a95b0b81d33e42712f9198c215f703412e1a1), userDataDir=/var/folders/wv/m9j56wcn2dlfg7gqww1zcjs00000gn/T/.org.chromium.Chromium.GuJdFA}, takesHeapSnapshot=true, pageLoadStrategy=normal, databaseEnabled=false, handlesAlerts=true, hasTouchScreen=false, version=54.0.2840.98, platform=MAC, browserConnectionEnabled=false, nativeEvents=true, acceptSslCerts=true, locationContextEnabled=true, webStorageEnabled=true, browserName=chrome, takesScreenshot=true, javascriptEnabled=true, cssSelectorsEnabled=true}]
Session ID: 60a7a70649f3193df048b070183beaca
*** Element info: {Using=css selector, value=span[value="1004"]}
14:32:38.199 INFO - Executing: [find element: By.cssSelector: span[value="1002"]])
14:32:38.208 INFO - Done: [find element: By.cssSelector: span[value="1002"]]
14:32:38.211 INFO - Executing: [click: 3 [[ChromeDriver: chrome on MAC (60a7a70649f3193df048b070183beaca)] -> css selector: span[value="1002"]]])
14:32:38.229 INFO - Done: [click: 3 [[ChromeDriver: chrome on MAC (60a7a70649f3193df048b070183beaca)] -> css selector: span[value="1002"]]]
14:32:39.240 INFO - Executing: [find element: By.cssSelector: span[value="1001"]])
14:32:39.252 INFO - Done: [find element: By.cssSelector: span[value="1001"]]
14:32:39.256 INFO - Executing: [click: 4 [[ChromeDriver: chrome on MAC (60a7a70649f3193df048b070183beaca)] -> css selector: span[value="1001"]]])
14:32:39.287 INFO - Done: [click: 4 [[ChromeDriver: chrome on MAC (60a7a70649f3193df048b070183beaca)] -> css selector: span[value="1001"]]]
14:32:40.296 INFO - Executing: [find element: By.cssSelector: span[value="1003"]])
14:32:40.311 INFO - Done: [find element: By.cssSelector: span[value="1003"]]
14:32:40.313 INFO - Executing: [click: 5 [[ChromeDriver: chrome on MAC (60a7a70649f3193df048b070183beaca)] -> css selector: span[value="1003"]]])
14:32:40.339 INFO - Done: [click: 5 [[ChromeDriver: chrome on MAC (60a7a70649f3193df048b070183beaca)] -> css selector: span[value="1003"]]]
14:32:41.346 INFO - Executing: [find element: By.cssSelector: span[value="1004"]])
14:32:41.544 WARN - Exception thrown
org.openqa.selenium.NoSuchElementException: no such element: Unable to locate element: {"method":"css selector","selector":"span[value="1004"]"}
  (Session info: chrome=54.0.2840.98)
  (Driver info: chromedriver=2.25.426935 (820a95b0b81d33e42712f9198c215f703412e1a1),platform=Mac OS X 10.12.1 x86_64) (WARNING: The server did not provide any stacktrace information)
Command duration or timeout: 11 milliseconds
For documentation on this error, please visit: http://seleniumhq.org/exceptions/no_such_element.html
Build info: version: '3.0.1', revision: '1969d75', time: '2016-10-18 09:48:19 -0700'
System info: host: 'yinshuxundeMacBook-Pro.local', ip: '192.168.28.190', os.name: 'Mac OS X', os.arch: 'x86_64', os.version: '10.12.1', java.version: '1.8.0_72'
Driver info: org.openqa.selenium.chrome.ChromeDriver
Capabilities [{applicationCacheEnabled=false, rotatable=false, mobileEmulationEnabled=false, networkConnectionEnabled=false, chrome={chromedriverVersion=2.25.426935 (820a95b0b81d33e42712f9198c215f703412e1a1), userDataDir=/var/folders/wv/m9j56wcn2dlfg7gqww1zcjs00000gn/T/.org.chromium.Chromium.GuJdFA}, takesHeapSnapshot=true, pageLoadStrategy=normal, databaseEnabled=false, handlesAlerts=true, hasTouchScreen=false, version=54.0.2840.98, platform=MAC, browserConnectionEnabled=false, nativeEvents=true, acceptSslCerts=true, locationContextEnabled=true, webStorageEnabled=true, browserName=chrome, takesScreenshot=true, javascriptEnabled=true, cssSelectorsEnabled=true}]
Session ID: 60a7a70649f3193df048b070183beaca
*** Element info: {Using=css selector, value=span[value="1004"]}
	at sun.reflect.NativeConstructorAccessorImpl.newInstance0(Native Method)
	at sun.reflect.NativeConstructorAccessorImpl.newInstance(NativeConstructorAccessorImpl.java:62)
	at sun.reflect.DelegatingConstructorAccessorImpl.newInstance(DelegatingConstructorAccessorImpl.java:45)
	at java.lang.reflect.Constructor.newInstance(Constructor.java:423)
	at org.openqa.selenium.remote.ErrorHandler.createThrowable(ErrorHandler.java:216)
	at org.openqa.selenium.remote.ErrorHandler.throwIfResponseFailed(ErrorHandler.java:168)
	at org.openqa.selenium.remote.RemoteWebDriver.execute(RemoteWebDriver.java:635)
	at org.openqa.selenium.remote.RemoteWebDriver.findElement(RemoteWebDriver.java:368)
	at org.openqa.selenium.remote.RemoteWebDriver.findElementByCssSelector(RemoteWebDriver.java:465)
	at org.openqa.selenium.By$ByCssSelector.findElement(By.java:430)
	at org.openqa.selenium.remote.RemoteWebDriver.findElement(RemoteWebDriver.java:360)
	at sun.reflect.GeneratedMethodAccessor15.invoke(Unknown Source)
	at sun.reflect.DelegatingMethodAccessorImpl.invoke(DelegatingMethodAccessorImpl.java:43)
	at java.lang.reflect.Method.invoke(Method.java:498)
	at org.openqa.selenium.support.events.EventFiringWebDriver$2.invoke(EventFiringWebDriver.java:103)
	at com.sun.proxy.$Proxy4.findElement(Unknown Source)
	at org.openqa.selenium.support.events.EventFiringWebDriver.findElement(EventFiringWebDriver.java:187)
	at org.openqa.selenium.remote.server.handler.FindElement.call(FindElement.java:48)
	at org.openqa.selenium.remote.server.handler.FindElement.call(FindElement.java:33)
	at java.util.concurrent.FutureTask.run(FutureTask.java:266)
	at org.openqa.selenium.remote.server.DefaultSession$1.run(DefaultSession.java:176)
	at java.util.concurrent.ThreadPoolExecutor.runWorker(ThreadPoolExecutor.java:1142)
	at java.util.concurrent.ThreadPoolExecutor$Worker.run(ThreadPoolExecutor.java:617)
	at java.lang.Thread.run(Thread.java:745)
14:32:41.544 WARN - Exception: no such element: Unable to locate element: {"method":"css selector","selector":"span[value="1004"]"}
  (Session info: chrome=54.0.2840.98)
  (Driver info: chromedriver=2.25.426935 (820a95b0b81d33e42712f9198c215f703412e1a1),platform=Mac OS X 10.12.1 x86_64) (WARNING: The server did not provide any stacktrace information)
Command duration or timeout: 11 milliseconds
For documentation on this error, please visit: http://seleniumhq.org/exceptions/no_such_element.html
Build info: version: '3.0.1', revision: '1969d75', time: '2016-10-18 09:48:19 -0700'
System info: host: 'yinshuxundeMacBook-Pro.local', ip: '192.168.28.190', os.name: 'Mac OS X', os.arch: 'x86_64', os.version: '10.12.1', java.version: '1.8.0_72'
Driver info: org.openqa.selenium.chrome.ChromeDriver
Capabilities [{applicationCacheEnabled=false, rotatable=false, mobileEmulationEnabled=false, networkConnectionEnabled=false, chrome={chromedriverVersion=2.25.426935 (820a95b0b81d33e42712f9198c215f703412e1a1), userDataDir=/var/folders/wv/m9j56wcn2dlfg7gqww1zcjs00000gn/T/.org.chromium.Chromium.GuJdFA}, takesHeapSnapshot=true, pageLoadStrategy=normal, databaseEnabled=false, handlesAlerts=true, hasTouchScreen=false, version=54.0.2840.98, platform=MAC, browserConnectionEnabled=false, nativeEvents=true, acceptSslCerts=true, locationContextEnabled=true, webStorageEnabled=true, browserName=chrome, takesScreenshot=true, javascriptEnabled=true, cssSelectorsEnabled=true}]
Session ID: 60a7a70649f3193df048b070183beaca
*** Element info: {Using=css selector, value=span[value="1004"]}
